info: Nov-29-2021 01:34:07: 	Listening on port 3000...
info: Nov-29-2021 01:36:56: 	Listening on port 3000...
info: Nov-29-2021 01:36:57: 	Connection has been established successfully.
info: Nov-29-2021 01:36:57: 	success
info: Nov-29-2021 01:37:39: 	Listening on port 3000...
info: Nov-29-2021 01:37:40: 	Connection has been established successfully.
info: Nov-29-2021 01:37:40: 	success
info: Nov-29-2021 01:38:13: 	Listening on port 3000...
info: Nov-29-2021 01:38:13: 	Connection has been established successfully.
info: Nov-29-2021 01:38:13: 	success
info: Nov-29-2021 01:38:17: 	Listening on port 3000...
info: Nov-29-2021 01:38:18: 	Connection has been established successfully.
info: Nov-29-2021 01:38:18: 	success
info: Nov-29-2021 01:38:27: 	Listening on port 3000...
info: Nov-29-2021 01:38:27: 	Connection has been established successfully.
info: Nov-29-2021 01:38:27: 	success
info: Nov-29-2021 01:38:32: 	Listening on port 3000...
info: Nov-29-2021 01:38:32: 	Connection has been established successfully.
info: Nov-29-2021 01:38:32: 	success
info: Nov-29-2021 01:43:57: 	Listening on port 3000...
info: Nov-29-2021 01:43:57: 	Connection has been established successfully.
info: Nov-29-2021 01:43:57: 	success
info: Nov-29-2021 01:49:35: 	Listening on port 3000...
info: Nov-29-2021 01:49:35: 	Connection has been established successfully.
info: Nov-29-2021 01:49:35: 	success
info: Nov-29-2021 01:50:43: 	Listening on port 3000...
info: Nov-29-2021 01:50:43: 	Connection has been established successfully.
info: Nov-29-2021 01:50:43: 	success
info: Nov-29-2021 01:51:45: 	Listening on port 3000...
info: Nov-29-2021 01:51:46: 	Connection has been established successfully.
info: Nov-29-2021 01:51:46: 	success
info: Nov-29-2021 01:53:20: 	Listening on port 3000...
info: Nov-29-2021 01:53:21: 	Connection has been established successfully.
info: Nov-29-2021 01:53:21: 	success
info: Nov-29-2021 18:39:53: 	Listening on port 3000...
info: Nov-29-2021 18:39:53: 	Connection has been established successfully.
info: Nov-29-2021 18:39:53: 	success
info: Nov-29-2021 18:41:15: 	Listening on port 3000...
info: Nov-29-2021 18:41:15: 	Connection has been established successfully.
info: Nov-29-2021 18:41:15: 	success
info: Nov-29-2021 20:10:54: 	Listening on port 3000...
error: Nov-29-2021 20:10:54: 	Unable to connect to the database: no pg_hba.conf entry for host "77.22.252.30", user "bmurotxqkjqwrh", database "d2rktqvjrrpo15", SSL off
error: Nov-29-2021 20:10:54: 	undefined
info: Nov-29-2021 23:07:20: 	Listening on port 3000...
error: Nov-29-2021 23:07:20: 	Unable to connect to the database: no pg_hba.conf entry for host "77.22.252.30", user "bmurotxqkjqwrh", database "d2rktqvjrrpo15", SSL off
error: Nov-29-2021 23:07:20: 	undefined
info: Nov-29-2021 23:08:16: 	Listening on port 3000...
info: Nov-29-2021 23:08:16: 	Connection has been established successfully.
info: Nov-29-2021 23:08:16: 	success
